  21924.cpp
C:\Users\Jaewon\source\repos\bojPractice\bojPractice\21924.cpp(27,20): warning C4018: '<': signed 또는 unsigned가 일치하지 않습니다.
C:\Users\Jaewon\source\repos\bojPractice\bojPractice\21924.cpp(37,22): warning C4018: '<': signed 또는 unsigned가 일치하지 않습니다.
C:\Program Files (x86)\Microsoft Visual Studio\2019\Community\VC\Tools\MSVC\14.29.30133\include\utility(242,16): warning C4244: '초기화 중': '_Ty'에서 '_Ty1'(으)로 변환하면서 데이터가 손실될 수 있습니다.
          with
          [
              _Ty=__int64
          ]
          and
          [
              _Ty1=int
          ]
C:\Users\Jaewon\source\repos\bojPractice\bojPractice\21924.cpp(22): message : 컴파일되는 함수 템플릿 인스턴스화 'std::pair<int,int>::pair<__int64,__int64,0>(std::pair<__int64,__int64> &&) noexcept'에 대한 참조를 확인하세요.
C:\Users\Jaewon\source\repos\bojPractice\bojPractice\21924.cpp(22): message : 컴파일되는 함수 템플릿 인스턴스화 'std::pair<int,int>::pair<__int64,__int64,0>(std::pair<__int64,__int64> &&) noexcept'에 대한 참조를 확인하세요.
C:\Program Files (x86)\Microsoft Visual Studio\2019\Community\VC\Tools\MSVC\14.29.30133\include\utility(242,61): warning C4244: '초기화 중': '_Ty'에서 '_Ty2'(으)로 변환하면서 데이터가 손실될 수 있습니다.
          with
          [
              _Ty=__int64
          ]
          and
          [
              _Ty2=int
          ]
  bojPractice.vcxproj -> C:\Users\Jaewon\source\repos\bojPractice\Debug\bojPractice.exe
