c:\users\jaewon\source\repos\bojpractice\bojpractice\debug\vc142.pdb
c:\users\jaewon\source\repos\bojpractice\bojpractice\debug\vc142.idb
c:\users\jaewon\source\repos\bojpractice\bojpractice\debug\17281.obj
c:\users\jaewon\source\repos\bojpractice\bojpractice\debug\1002.obj
c:\users\jaewon\source\repos\bojpractice\bojpractice\debug\10026.obj
c:\users\jaewon\source\repos\bojpractice\bojpractice\debug\1003.obj
c:\users\jaewon\source\repos\bojpractice\bojpractice\debug\1004.obj
c:\users\jaewon\source\repos\bojpractice\bojpractice\debug\1009.obj
c:\users\jaewon\source\repos\bojpractice\bojpractice\debug\10101.obj
c:\users\jaewon\source\repos\bojpractice\bojpractice\debug\10102.obj
c:\users\jaewon\source\repos\bojpractice\bojpractice\debug\1011.obj
c:\users\jaewon\source\repos\bojpractice\bojpractice\debug\1012.obj
c:\users\jaewon\source\repos\bojpractice\bojpractice\debug\10156.obj
c:\users\jaewon\source\repos\bojpractice\bojpractice\debug\10162.obj
c:\users\jaewon\source\repos\bojpractice\bojpractice\debug\10170.obj
c:\users\jaewon\source\repos\bojpractice\bojpractice\debug\10196.obj
c:\users\jaewon\source\repos\bojpractice\bojpractice\debug\10211.obj
c:\users\jaewon\source\repos\bojpractice\bojpractice\debug\10250.obj
c:\users\jaewon\source\repos\bojpractice\bojpractice\debug\1026.obj
c:\users\jaewon\source\repos\bojpractice\bojpractice\debug\1032.obj
c:\users\jaewon\source\repos\bojpractice\bojpractice\debug\1038.obj
c:\users\jaewon\source\repos\bojpractice\bojpractice\debug\1041.obj
c:\users\jaewon\source\repos\bojpractice\bojpractice\debug\1043.obj
c:\users\jaewon\source\repos\bojpractice\bojpractice\debug\10451.obj
c:\users\jaewon\source\repos\bojpractice\bojpractice\debug\10474.obj
c:\users\jaewon\source\repos\bojpractice\bojpractice\debug\1049.obj
c:\users\jaewon\source\repos\bojpractice\bojpractice\debug\10569.obj
c:\users\jaewon\source\repos\bojpractice\bojpractice\debug\10599.obj
c:\users\jaewon\source\repos\bojpractice\bojpractice\debug\1064.obj
c:\users\jaewon\source\repos\bojpractice\bojpractice\debug\10699.obj
c:\users\jaewon\source\repos\bojpractice\bojpractice\debug\1074.obj
c:\users\jaewon\source\repos\bojpractice\bojpractice\debug\1075.obj
c:\users\jaewon\source\repos\bojpractice\bojpractice\debug\10757.obj
c:\users\jaewon\source\repos\bojpractice\bojpractice\debug\1076.obj
c:\users\jaewon\source\repos\bojpractice\bojpractice\debug\10769.obj
c:\users\jaewon\source\repos\bojpractice\bojpractice\debug\10773.obj
c:\users\jaewon\source\repos\bojpractice\bojpractice\debug\10798.obj
c:\users\jaewon\source\repos\bojpractice\bojpractice\debug\10799.obj
c:\users\jaewon\source\repos\bojpractice\bojpractice\debug\10807.obj
c:\users\jaewon\source\repos\bojpractice\bojpractice\debug\10809.obj
c:\users\jaewon\source\repos\bojpractice\bojpractice\debug\10810.obj
c:\users\jaewon\source\repos\bojpractice\bojpractice\debug\10811.obj
c:\users\jaewon\source\repos\bojpractice\bojpractice\debug\10813.obj
c:\users\jaewon\source\repos\bojpractice\bojpractice\debug\10817.obj
c:\users\jaewon\source\repos\bojpractice\bojpractice\debug\10820.obj
c:\users\jaewon\source\repos\bojpractice\bojpractice\debug\10824.obj
c:\users\jaewon\source\repos\bojpractice\bojpractice\debug\10826.obj
c:\users\jaewon\source\repos\bojpractice\bojpractice\debug\10828.obj
c:\users\jaewon\source\repos\bojpractice\bojpractice\debug\10830.obj
c:\users\jaewon\source\repos\bojpractice\bojpractice\debug\10833.obj
c:\users\jaewon\source\repos\bojpractice\bojpractice\debug\10845.obj
c:\users\jaewon\source\repos\bojpractice\bojpractice\debug\10866.obj
c:\users\jaewon\source\repos\bojpractice\bojpractice\debug\10870.obj
c:\users\jaewon\source\repos\bojpractice\bojpractice\debug\10886.obj
c:\users\jaewon\source\repos\bojpractice\bojpractice\debug\1092.obj
c:\users\jaewon\source\repos\bojpractice\bojpractice\debug\10926.obj
c:\users\jaewon\source\repos\bojpractice\bojpractice\debug\10950.obj
c:\users\jaewon\source\repos\bojpractice\bojpractice\debug\10974.obj
c:\users\jaewon\source\repos\bojpractice\bojpractice\debug\10988.obj
c:\users\jaewon\source\repos\bojpractice\bojpractice\debug\10989.obj
c:\users\jaewon\source\repos\bojpractice\bojpractice\debug\1100.obj
c:\users\jaewon\source\repos\bojpractice\bojpractice\debug\11047.obj
c:\users\jaewon\source\repos\bojpractice\bojpractice\debug\11048.obj
c:\users\jaewon\source\repos\bojpractice\bojpractice\debug\11050.obj
c:\users\jaewon\source\repos\bojpractice\bojpractice\debug\11051.obj
c:\users\jaewon\source\repos\bojpractice\bojpractice\debug\11052.obj
c:\users\jaewon\source\repos\bojpractice\bojpractice\debug\11053.obj
c:\users\jaewon\source\repos\bojpractice\bojpractice\debug\11054.obj
c:\users\jaewon\source\repos\bojpractice\bojpractice\debug\11055.obj
c:\users\jaewon\source\repos\bojpractice\bojpractice\debug\11058.obj
c:\users\jaewon\source\repos\bojpractice\bojpractice\debug\11060.obj
c:\users\jaewon\source\repos\bojpractice\bojpractice\debug\11123.obj
c:\users\jaewon\source\repos\bojpractice\bojpractice\debug\11265.obj
c:\users\jaewon\source\repos\bojpractice\bojpractice\debug\11279.obj
c:\users\jaewon\source\repos\bojpractice\bojpractice\debug\11286.obj
c:\users\jaewon\source\repos\bojpractice\bojpractice\debug\11382.obj
c:\users\jaewon\source\repos\bojpractice\bojpractice\debug\11399.obj
c:\users\jaewon\source\repos\bojpractice\bojpractice\debug\11403.obj
c:\users\jaewon\source\repos\bojpractice\bojpractice\debug\11404.obj
c:\users\jaewon\source\repos\bojpractice\bojpractice\debug\11441.obj
c:\users\jaewon\source\repos\bojpractice\bojpractice\debug\1149.obj
c:\users\jaewon\source\repos\bojpractice\bojpractice\debug\1152.obj
c:\users\jaewon\source\repos\bojpractice\bojpractice\debug\11534.obj
c:\users\jaewon\source\repos\bojpractice\bojpractice\debug\11557.obj
c:\users\jaewon\source\repos\bojpractice\bojpractice\debug\1157.obj
c:\users\jaewon\source\repos\bojpractice\bojpractice\debug\1158.obj
c:\users\jaewon\source\repos\bojpractice\bojpractice\debug\11586.obj
c:\users\jaewon\source\repos\bojpractice\bojpractice\debug\1159.obj
c:\users\jaewon\source\repos\bojpractice\bojpractice\debug\11650.obj
c:\users\jaewon\source\repos\bojpractice\bojpractice\debug\11653.obj
c:\users\jaewon\source\repos\bojpractice\bojpractice\debug\11655.obj
c:\users\jaewon\source\repos\bojpractice\bojpractice\debug\11659.obj
c:\users\jaewon\source\repos\bojpractice\bojpractice\debug\11660.obj
c:\users\jaewon\source\repos\bojpractice\bojpractice\debug\11719.obj
c:\users\jaewon\source\repos\bojpractice\bojpractice\debug\11720.obj
c:\users\jaewon\source\repos\bojpractice\bojpractice\debug\11721.obj
c:\users\jaewon\source\repos\bojpractice\bojpractice\debug\11722.obj
c:\users\jaewon\source\repos\bojpractice\bojpractice\debug\11723.obj
c:\users\jaewon\source\repos\bojpractice\bojpractice\debug\11724.obj
c:\users\jaewon\source\repos\bojpractice\bojpractice\debug\11726.obj
c:\users\jaewon\source\repos\bojpractice\bojpractice\debug\11727.obj
c:\users\jaewon\source\repos\bojpractice\bojpractice\debug\1174.obj
c:\users\jaewon\source\repos\bojpractice\bojpractice\debug\11780.obj
c:\users\jaewon\source\repos\bojpractice\bojpractice\debug\11866.obj
c:\users\jaewon\source\repos\bojpractice\bojpractice\debug\11880.obj
c:\users\jaewon\source\repos\bojpractice\bojpractice\debug\11909.obj
c:\users\jaewon\source\repos\bojpractice\bojpractice\debug\11921.obj
c:\users\jaewon\source\repos\bojpractice\bojpractice\debug\1194.obj
c:\users\jaewon\source\repos\bojpractice\bojpractice\debug\11945.obj
c:\users\jaewon\source\repos\bojpractice\bojpractice\debug\11969.obj
c:\users\jaewon\source\repos\bojpractice\bojpractice\debug\1205.obj
c:\users\jaewon\source\repos\bojpractice\bojpractice\debug\1233.obj
c:\users\jaewon\source\repos\bojpractice\bojpractice\debug\1236.obj
c:\users\jaewon\source\repos\bojpractice\bojpractice\debug\1238.obj
c:\users\jaewon\source\repos\bojpractice\bojpractice\debug\12400.obj
c:\users\jaewon\source\repos\bojpractice\bojpractice\debug\1244.obj
c:\users\jaewon\source\repos\bojpractice\bojpractice\debug\1246.obj
c:\users\jaewon\source\repos\bojpractice\bojpractice\debug\1259.obj
c:\users\jaewon\source\repos\bojpractice\bojpractice\debug\1260.obj
c:\users\jaewon\source\repos\bojpractice\bojpractice\debug\12605.obj
c:\users\jaewon\source\repos\bojpractice\bojpractice\debug\1261.obj
c:\users\jaewon\source\repos\bojpractice\bojpractice\debug\1264.obj
c:\users\jaewon\source\repos\bojpractice\bojpractice\debug\1267.obj
c:\users\jaewon\source\repos\bojpractice\bojpractice\debug\12847.obj
c:\users\jaewon\source\repos\bojpractice\bojpractice\debug\12851.obj
c:\users\jaewon\source\repos\bojpractice\bojpractice\debug\12852.obj
c:\users\jaewon\source\repos\bojpractice\bojpractice\debug\12865.obj
c:\users\jaewon\source\repos\bojpractice\bojpractice\debug\12869.obj
c:\users\jaewon\source\repos\bojpractice\bojpractice\debug\12908.obj
c:\users\jaewon\source\repos\bojpractice\bojpractice\debug\1297.obj
c:\users\jaewon\source\repos\bojpractice\bojpractice\debug\13140.obj
c:\users\jaewon\source\repos\bojpractice\bojpractice\debug\13268.obj
c:\users\jaewon\source\repos\bojpractice\bojpractice\debug\13301.obj
c:\users\jaewon\source\repos\bojpractice\bojpractice\debug\13305.obj
c:\users\jaewon\source\repos\bojpractice\bojpractice\debug\13335.obj
c:\users\jaewon\source\repos\bojpractice\bojpractice\debug\13335_2ndtry.obj
c:\users\jaewon\source\repos\bojpractice\bojpractice\debug\1343.obj
c:\users\jaewon\source\repos\bojpractice\bojpractice\debug\13458.obj
c:\users\jaewon\source\repos\bojpractice\bojpractice\debug\13460.obj
c:\users\jaewon\source\repos\bojpractice\bojpractice\debug\13549.obj
c:\users\jaewon\source\repos\bojpractice\bojpractice\debug\13552.obj
c:\users\jaewon\source\repos\bojpractice\bojpractice\debug\1358.obj
c:\users\jaewon\source\repos\bojpractice\bojpractice\debug\13698.obj
c:\users\jaewon\source\repos\bojpractice\bojpractice\debug\13699.obj
c:\users\jaewon\source\repos\bojpractice\bojpractice\debug\13771.obj
c:\users\jaewon\source\repos\bojpractice\bojpractice\debug\1389.obj
c:\users\jaewon\source\repos\bojpractice\bojpractice\debug\13900.obj
c:\users\jaewon\source\repos\bojpractice\bojpractice\debug\13975.obj
c:\users\jaewon\source\repos\bojpractice\bojpractice\debug\14002.obj
c:\users\jaewon\source\repos\bojpractice\bojpractice\debug\1406.obj
c:\users\jaewon\source\repos\bojpractice\bojpractice\debug\1417.obj
c:\users\jaewon\source\repos\bojpractice\bojpractice\debug\14182.obj
c:\users\jaewon\source\repos\bojpractice\bojpractice\debug\14215.obj
c:\users\jaewon\source\repos\bojpractice\bojpractice\debug\14235.obj
c:\users\jaewon\source\repos\bojpractice\bojpractice\debug\14264.obj
c:\users\jaewon\source\repos\bojpractice\bojpractice\debug\1427.obj
c:\users\jaewon\source\repos\bojpractice\bojpractice\debug\14442.obj
c:\users\jaewon\source\repos\bojpractice\bojpractice\debug\14465.obj
c:\users\jaewon\source\repos\bojpractice\bojpractice\debug\14487.obj
c:\users\jaewon\source\repos\bojpractice\bojpractice\debug\14489.obj
c:\users\jaewon\source\repos\bojpractice\bojpractice\debug\14491.obj
c:\users\jaewon\source\repos\bojpractice\bojpractice\debug\14495.obj
c:\users\jaewon\source\repos\bojpractice\bojpractice\debug\14499.obj
c:\users\jaewon\source\repos\bojpractice\bojpractice\debug\14500.obj
c:\users\jaewon\source\repos\bojpractice\bojpractice\debug\14501.obj
c:\users\jaewon\source\repos\bojpractice\bojpractice\debug\14502.obj
c:\users\jaewon\source\repos\bojpractice\bojpractice\debug\14503.obj
c:\users\jaewon\source\repos\bojpractice\bojpractice\debug\1453.obj
c:\users\jaewon\source\repos\bojpractice\bojpractice\debug\14581.obj
c:\users\jaewon\source\repos\bojpractice\bojpractice\debug\14582.obj
c:\users\jaewon\source\repos\bojpractice\bojpractice\debug\14583.obj
c:\users\jaewon\source\repos\bojpractice\bojpractice\debug\1461.obj
c:\users\jaewon\source\repos\bojpractice\bojpractice\debug\14620.obj
c:\users\jaewon\source\repos\bojpractice\bojpractice\debug\1463.obj
c:\users\jaewon\source\repos\bojpractice\bojpractice\debug\1463_queue.obj
c:\users\jaewon\source\repos\bojpractice\bojpractice\debug\14650.obj
c:\users\jaewon\source\repos\bojpractice\bojpractice\debug\14652.obj
c:\users\jaewon\source\repos\bojpractice\bojpractice\debug\14698.obj
c:\users\jaewon\source\repos\bojpractice\bojpractice\debug\14709.obj
c:\users\jaewon\source\repos\bojpractice\bojpractice\debug\14710.obj
c:\users\jaewon\source\repos\bojpractice\bojpractice\debug\14713.obj
c:\users\jaewon\source\repos\bojpractice\bojpractice\debug\14719.obj
c:\users\jaewon\source\repos\bojpractice\bojpractice\debug\14720.obj
c:\users\jaewon\source\repos\bojpractice\bojpractice\debug\14726.obj
c:\users\jaewon\source\repos\bojpractice\bojpractice\debug\14728.obj
c:\users\jaewon\source\repos\bojpractice\bojpractice\debug\14729.obj
c:\users\jaewon\source\repos\bojpractice\bojpractice\debug\14730.obj
c:\users\jaewon\source\repos\bojpractice\bojpractice\debug\14731.obj
c:\users\jaewon\source\repos\bojpractice\bojpractice\debug\1475.obj
c:\users\jaewon\source\repos\bojpractice\bojpractice\debug\1476.obj
c:\users\jaewon\source\repos\bojpractice\bojpractice\debug\1485.obj
c:\users\jaewon\source\repos\bojpractice\bojpractice\debug\14888.obj
c:\users\jaewon\source\repos\bojpractice\bojpractice\debug\14889.obj
c:\users\jaewon\source\repos\bojpractice\bojpractice\debug\14909.obj
c:\users\jaewon\source\repos\bojpractice\bojpractice\debug\14910.obj
c:\users\jaewon\source\repos\bojpractice\bojpractice\debug\14929.obj
c:\users\jaewon\source\repos\bojpractice\bojpractice\debug\14938.obj
c:\users\jaewon\source\repos\bojpractice\bojpractice\debug\1520.obj
c:\users\jaewon\source\repos\bojpractice\bojpractice\debug\1531.obj
c:\users\jaewon\source\repos\bojpractice\bojpractice\debug\15372.obj
c:\users\jaewon\source\repos\bojpractice\bojpractice\debug\15439.obj
c:\users\jaewon\source\repos\bojpractice\bojpractice\debug\1546.obj
c:\users\jaewon\source\repos\bojpractice\bojpractice\debug\15486.obj
c:\users\jaewon\source\repos\bojpractice\bojpractice\debug\15489.obj
c:\users\jaewon\source\repos\bojpractice\bojpractice\debug\15629.obj
c:\users\jaewon\source\repos\bojpractice\bojpractice\debug\15649.obj
c:\users\jaewon\source\repos\bojpractice\bojpractice\debug\15650.obj
c:\users\jaewon\source\repos\bojpractice\bojpractice\debug\15651.obj
c:\users\jaewon\source\repos\bojpractice\bojpractice\debug\15652.obj
c:\users\jaewon\source\repos\bojpractice\bojpractice\debug\15654.obj
c:\users\jaewon\source\repos\bojpractice\bojpractice\debug\15655.obj
c:\users\jaewon\source\repos\bojpractice\bojpractice\debug\15657.obj
c:\users\jaewon\source\repos\bojpractice\bojpractice\debug\15663.obj
c:\users\jaewon\source\repos\bojpractice\bojpractice\debug\15666.obj
c:\users\jaewon\source\repos\bojpractice\bojpractice\debug\15667.obj
c:\users\jaewon\source\repos\bojpractice\bojpractice\debug\1568.obj
c:\users\jaewon\source\repos\bojpractice\bojpractice\debug\15683.obj
c:\users\jaewon\source\repos\bojpractice\bojpractice\debug\15686.obj
c:\users\jaewon\source\repos\bojpractice\bojpractice\debug\15719.obj
c:\users\jaewon\source\repos\bojpractice\bojpractice\debug\15720.obj
c:\users\jaewon\source\repos\bojpractice\bojpractice\debug\15724.obj
c:\users\jaewon\source\repos\bojpractice\bojpractice\debug\15727.obj
c:\users\jaewon\source\repos\bojpractice\bojpractice\debug\15733.obj
c:\users\jaewon\source\repos\bojpractice\bojpractice\debug\15739.obj
c:\users\jaewon\source\repos\bojpractice\bojpractice\debug\15815.obj
c:\users\jaewon\source\repos\bojpractice\bojpractice\debug\15818.obj
c:\users\jaewon\source\repos\bojpractice\bojpractice\debug\15820.obj
c:\users\jaewon\source\repos\bojpractice\bojpractice\debug\15828.obj
c:\users\jaewon\source\repos\bojpractice\bojpractice\debug\15873.obj
c:\users\jaewon\source\repos\bojpractice\bojpractice\debug\15881.obj
c:\users\jaewon\source\repos\bojpractice\bojpractice\debug\15889.obj
c:\users\jaewon\source\repos\bojpractice\bojpractice\debug\15894.obj
c:\users\jaewon\source\repos\bojpractice\bojpractice\debug\15904.obj
c:\users\jaewon\source\repos\bojpractice\bojpractice\debug\15953.obj
c:\users\jaewon\source\repos\bojpractice\bojpractice\debug\15962.obj
c:\users\jaewon\source\repos\bojpractice\bojpractice\debug\15964.obj
c:\users\jaewon\source\repos\bojpractice\bojpractice\debug\15969.obj
c:\users\jaewon\source\repos\bojpractice\bojpractice\debug\15973.obj
c:\users\jaewon\source\repos\bojpractice\bojpractice\debug\1598.obj
c:\users\jaewon\source\repos\bojpractice\bojpractice\debug\16139.obj
c:\users\jaewon\source\repos\bojpractice\bojpractice\debug\1614.obj
c:\users\jaewon\source\repos\bojpractice\bojpractice\debug\16173.obj
c:\users\jaewon\source\repos\bojpractice\bojpractice\debug\1620.obj
c:\users\jaewon\source\repos\bojpractice\bojpractice\debug\16212.obj
c:\users\jaewon\source\repos\bojpractice\bojpractice\debug\16234.obj
c:\users\jaewon\source\repos\bojpractice\bojpractice\debug\16235.obj
c:\users\jaewon\source\repos\bojpractice\bojpractice\debug\16236.obj
c:\users\jaewon\source\repos\bojpractice\bojpractice\debug\1629.obj
c:\users\jaewon\source\repos\bojpractice\bojpractice\debug\16394.obj
c:\users\jaewon\source\repos\bojpractice\bojpractice\debug\16395.obj
c:\users\jaewon\source\repos\bojpractice\bojpractice\debug\16396.obj
c:\users\jaewon\source\repos\bojpractice\bojpractice\debug\1643.obj
c:\users\jaewon\source\repos\bojpractice\bojpractice\debug\16431.obj
c:\users\jaewon\source\repos\bojpractice\bojpractice\debug\16433.obj
c:\users\jaewon\source\repos\bojpractice\bojpractice\debug\16435.obj
c:\users\jaewon\source\repos\bojpractice\bojpractice\debug\16465.obj
c:\users\jaewon\source\repos\bojpractice\bojpractice\debug\16486.obj
c:\users\jaewon\source\repos\bojpractice\bojpractice\debug\16507.obj
c:\users\jaewon\source\repos\bojpractice\bojpractice\debug\16509.obj
c:\users\jaewon\source\repos\bojpractice\bojpractice\debug\1652.obj
c:\users\jaewon\source\repos\bojpractice\bojpractice\debug\16673.obj
c:\users\jaewon\source\repos\bojpractice\bojpractice\debug\16674.obj
c:\users\jaewon\source\repos\bojpractice\bojpractice\debug\16928.obj
c:\users\jaewon\source\repos\bojpractice\bojpractice\debug\16946.obj
c:\users\jaewon\source\repos\bojpractice\bojpractice\debug\16953.obj
c:\users\jaewon\source\repos\bojpractice\bojpractice\debug\1697.obj
c:\users\jaewon\source\repos\bojpractice\bojpractice\debug\16985.obj
c:\users\jaewon\source\repos\bojpractice\bojpractice\debug\17070.obj
c:\users\jaewon\source\repos\bojpractice\bojpractice\debug\1712.obj
c:\users\jaewon\source\repos\bojpractice\bojpractice\debug\1715.obj
c:\users\jaewon\source\repos\bojpractice\bojpractice\debug\17182.obj
c:\users\jaewon\source\repos\bojpractice\bojpractice\debug\17202.obj
c:\users\jaewon\source\repos\bojpractice\bojpractice\debug\17203.obj
c:\users\jaewon\source\repos\bojpractice\bojpractice\debug\17205.obj
c:\users\jaewon\source\repos\bojpractice\bojpractice\debug\17241.obj
c:\users\jaewon\source\repos\bojpractice\bojpractice\debug\17247.obj
c:\users\jaewon\source\repos\bojpractice\bojpractice\debug\1726.obj
c:\users\jaewon\source\repos\bojpractice\bojpractice\debug\17265.obj
c:\users\jaewon\source\repos\bojpractice\bojpractice\debug\17286.obj
c:\users\jaewon\source\repos\bojpractice\bojpractice\debug\17294.obj
c:\users\jaewon\source\repos\bojpractice\bojpractice\debug\17362.obj
c:\users\jaewon\source\repos\bojpractice\bojpractice\debug\17390.obj
c:\users\jaewon\source\repos\bojpractice\bojpractice\debug\17413.obj
c:\users\jaewon\source\repos\bojpractice\bojpractice\debug\1743.obj
c:\users\jaewon\source\repos\bojpractice\bojpractice\debug\1747.obj
c:\users\jaewon\source\repos\bojpractice\bojpractice\debug\17478.obj
c:\users\jaewon\source\repos\bojpractice\bojpractice\debug\17484.obj
c:\users\jaewon\source\repos\bojpractice\bojpractice\debug\17496.obj
c:\users\jaewon\source\repos\bojpractice\bojpractice\debug\17504.obj
c:\users\jaewon\source\repos\bojpractice\bojpractice\debug\17588.obj
c:\users\jaewon\source\repos\bojpractice\bojpractice\debug\1759.obj
c:\users\jaewon\source\repos\bojpractice\bojpractice\debug\1773.obj
c:\users\jaewon\source\repos\bojpractice\bojpractice\debug\17826.obj
c:\users\jaewon\source\repos\bojpractice\bojpractice\debug\17828.obj
c:\users\jaewon\source\repos\bojpractice\bojpractice\debug\17836.obj
c:\users\jaewon\source\repos\bojpractice\bojpractice\debug\17845.obj
c:\users\jaewon\source\repos\bojpractice\bojpractice\debug\1789.obj
c:\users\jaewon\source\repos\bojpractice\bojpractice\debug\17953.obj
c:\users\jaewon\source\repos\bojpractice\bojpractice\debug\1806.obj
c:\users\jaewon\source\repos\bojpractice\bojpractice\debug\18115.obj
c:\users\jaewon\source\repos\bojpractice\bojpractice\debug\18125.obj
c:\users\jaewon\source\repos\bojpractice\bojpractice\debug\1813.obj
c:\users\jaewon\source\repos\bojpractice\bojpractice\debug\18141.obj
c:\users\jaewon\source\repos\bojpractice\bojpractice\debug\1817.obj
c:\users\jaewon\source\repos\bojpractice\bojpractice\debug\18187.obj
c:\users\jaewon\source\repos\bojpractice\bojpractice\debug\18221.obj
c:\users\jaewon\source\repos\bojpractice\bojpractice\debug\18228.obj
c:\users\jaewon\source\repos\bojpractice\bojpractice\debug\1835.obj
c:\users\jaewon\source\repos\bojpractice\bojpractice\debug\18398.obj
c:\users\jaewon\source\repos\bojpractice\bojpractice\debug\18405.obj
c:\users\jaewon\source\repos\bojpractice\bojpractice\debug\18409.obj
c:\users\jaewon\source\repos\bojpractice\bojpractice\debug\18428.obj
c:\users\jaewon\source\repos\bojpractice\bojpractice\debug\1874.obj
c:\users\jaewon\source\repos\bojpractice\bojpractice\debug\18870.obj
c:\users\jaewon\source\repos\bojpractice\bojpractice\debug\1890.obj
c:\users\jaewon\source\repos\bojpractice\bojpractice\debug\19238.obj
c:\users\jaewon\source\repos\bojpractice\bojpractice\debug\1926.obj
c:\users\jaewon\source\repos\bojpractice\bojpractice\debug\1927.obj
c:\users\jaewon\source\repos\bojpractice\bojpractice\debug\1929.obj
c:\users\jaewon\source\repos\bojpractice\bojpractice\debug\1932.obj
c:\users\jaewon\source\repos\bojpractice\bojpractice\debug\1937.obj
c:\users\jaewon\source\repos\bojpractice\bojpractice\debug\1940.obj
c:\users\jaewon\source\repos\bojpractice\bojpractice\debug\19532.obj
c:\users\jaewon\source\repos\bojpractice\bojpractice\debug\1956.obj
c:\users\jaewon\source\repos\bojpractice\bojpractice\debug\1958.obj
c:\users\jaewon\source\repos\bojpractice\bojpractice\debug\19638.obj
c:\users\jaewon\source\repos\bojpractice\bojpractice\debug\1965.obj
c:\users\jaewon\source\repos\bojpractice\bojpractice\debug\1966.obj
c:\users\jaewon\source\repos\bojpractice\bojpractice\debug\1978.obj
c:\users\jaewon\source\repos\bojpractice\bojpractice\debug\1987.obj
c:\users\jaewon\source\repos\bojpractice\bojpractice\debug\1991.obj
c:\users\jaewon\source\repos\bojpractice\bojpractice\debug\1992.obj
c:\users\jaewon\source\repos\bojpractice\bojpractice\debug\2002.obj
c:\users\jaewon\source\repos\bojpractice\bojpractice\debug\2003.obj
c:\users\jaewon\source\repos\bojpractice\bojpractice\debug\20044.obj
c:\users\jaewon\source\repos\bojpractice\bojpractice\debug\2010.obj
c:\users\jaewon\source\repos\bojpractice\bojpractice\debug\20115.obj
c:\users\jaewon\source\repos\bojpractice\bojpractice\debug\20124.obj
c:\users\jaewon\source\repos\bojpractice\bojpractice\debug\20205.obj
c:\users\jaewon\source\repos\bojpractice\bojpractice\debug\20206.obj
c:\users\jaewon\source\repos\bojpractice\bojpractice\debug\20254.obj
c:\users\jaewon\source\repos\bojpractice\bojpractice\debug\20299.obj
c:\users\jaewon\source\repos\bojpractice\bojpractice\debug\20301.obj
c:\users\jaewon\source\repos\bojpractice\bojpractice\debug\20310.obj
c:\users\jaewon\source\repos\bojpractice\bojpractice\debug\20361.obj
c:\users\jaewon\source\repos\bojpractice\bojpractice\debug\20492.obj
c:\users\jaewon\source\repos\bojpractice\bojpractice\debug\2083.obj
c:\users\jaewon\source\repos\bojpractice\bojpractice\debug\20937.obj
c:\users\jaewon\source\repos\bojpractice\bojpractice\debug\2096.obj
c:\users\jaewon\source\repos\bojpractice\bojpractice\debug\2108.obj
c:\users\jaewon\source\repos\bojpractice\bojpractice\debug\21185.obj
c:\users\jaewon\source\repos\bojpractice\bojpractice\debug\21300.obj
c:\users\jaewon\source\repos\bojpractice\bojpractice\debug\2133.obj
c:\users\jaewon\source\repos\bojpractice\bojpractice\debug\21335.obj
c:\users\jaewon\source\repos\bojpractice\bojpractice\debug\2156.obj
c:\users\jaewon\source\repos\bojpractice\bojpractice\debug\2161.obj
c:\users\jaewon\source\repos\bojpractice\bojpractice\debug\2163.obj
c:\users\jaewon\source\repos\bojpractice\bojpractice\debug\2164.obj
c:\users\jaewon\source\repos\bojpractice\bojpractice\debug\2167.obj
c:\users\jaewon\source\repos\bojpractice\bojpractice\debug\21736.obj
c:\users\jaewon\source\repos\bojpractice\bojpractice\debug\2178.obj
c:\users\jaewon\source\repos\bojpractice\bojpractice\debug\21921.obj
c:\users\jaewon\source\repos\bojpractice\bojpractice\debug\21922.obj
c:\users\jaewon\source\repos\bojpractice\bojpractice\debug\2193.obj
c:\users\jaewon\source\repos\bojpractice\bojpractice\debug\22015.obj
c:\users\jaewon\source\repos\bojpractice\bojpractice\debug\2206.obj
c:\users\jaewon\source\repos\bojpractice\bojpractice\debug\2210.obj
c:\users\jaewon\source\repos\bojpractice\bojpractice\debug\22115.obj
c:\users\jaewon\source\repos\bojpractice\bojpractice\debug\2217.obj
c:\users\jaewon\source\repos\bojpractice\bojpractice\debug\22187.obj
c:\users\jaewon\source\repos\bojpractice\bojpractice\debug\2231.obj
c:\users\jaewon\source\repos\bojpractice\bojpractice\debug\2239.obj
c:\users\jaewon\source\repos\bojpractice\bojpractice\debug\2292.obj
c:\users\jaewon\source\repos\bojpractice\bojpractice\debug\2293.obj
c:\users\jaewon\source\repos\bojpractice\bojpractice\debug\22938.obj
c:\users\jaewon\source\repos\bojpractice\bojpractice\debug\2294.obj
c:\users\jaewon\source\repos\bojpractice\bojpractice\debug\23028.obj
c:\users\jaewon\source\repos\bojpractice\bojpractice\debug\23029.obj
c:\users\jaewon\source\repos\bojpractice\bojpractice\debug\23037.obj
c:\users\jaewon\source\repos\bojpractice\bojpractice\debug\23061.obj
c:\users\jaewon\source\repos\bojpractice\bojpractice\debug\2309.obj
c:\users\jaewon\source\repos\bojpractice\bojpractice\debug\23234.obj
c:\users\jaewon\source\repos\bojpractice\bojpractice\debug\23251.obj
c:\users\jaewon\source\repos\bojpractice\bojpractice\debug\23253.obj
c:\users\jaewon\source\repos\bojpractice\bojpractice\debug\23320.obj
c:\users\jaewon\source\repos\bojpractice\bojpractice\debug\2342.obj
c:\users\jaewon\source\repos\bojpractice\bojpractice\debug\2346.obj
c:\users\jaewon\source\repos\bojpractice\bojpractice\debug\23627.obj
c:\users\jaewon\source\repos\bojpractice\bojpractice\debug\23756.obj
c:\users\jaewon\source\repos\bojpractice\bojpractice\debug\23757.obj
c:\users\jaewon\source\repos\bojpractice\bojpractice\debug\23794.obj
c:\users\jaewon\source\repos\bojpractice\bojpractice\debug\23795.obj
c:\users\jaewon\source\repos\bojpractice\bojpractice\debug\23801.obj
c:\users\jaewon\source\repos\bojpractice\bojpractice\debug\23802.obj
c:\users\jaewon\source\repos\bojpractice\bojpractice\debug\23803.obj
c:\users\jaewon\source\repos\bojpractice\bojpractice\debug\23804.obj
c:\users\jaewon\source\repos\bojpractice\bojpractice\debug\23805.obj
c:\users\jaewon\source\repos\bojpractice\bojpractice\debug\23806.obj
c:\users\jaewon\source\repos\bojpractice\bojpractice\debug\23808.obj
c:\users\jaewon\source\repos\bojpractice\bojpractice\debug\23809.obj
c:\users\jaewon\source\repos\bojpractice\bojpractice\debug\23810.obj
c:\users\jaewon\source\repos\bojpractice\bojpractice\debug\23811.obj
c:\users\jaewon\source\repos\bojpractice\bojpractice\debug\23812.obj
c:\users\jaewon\source\repos\bojpractice\bojpractice\debug\23842.obj
c:\users\jaewon\source\repos\bojpractice\bojpractice\debug\23843.obj
c:\users\jaewon\source\repos\bojpractice\bojpractice\debug\23885.obj
c:\users\jaewon\source\repos\bojpractice\bojpractice\debug\24039.obj
c:\users\jaewon\source\repos\bojpractice\bojpractice\debug\2420.obj
c:\users\jaewon\source\repos\bojpractice\bojpractice\debug\24448.obj
c:\users\jaewon\source\repos\bojpractice\bojpractice\debug\24449.obj
c:\users\jaewon\source\repos\bojpractice\bojpractice\debug\24498.obj
c:\users\jaewon\source\repos\bojpractice\bojpractice\debug\24499.obj
c:\users\jaewon\source\repos\bojpractice\bojpractice\debug\2455.obj
c:\users\jaewon\source\repos\bojpractice\bojpractice\debug\2468.obj
c:\users\jaewon\source\repos\bojpractice\bojpractice\debug\2476.obj
c:\users\jaewon\source\repos\bojpractice\bojpractice\debug\2477.obj
c:\users\jaewon\source\repos\bojpractice\bojpractice\debug\2480.obj
c:\users\jaewon\source\repos\bojpractice\bojpractice\debug\2490.obj
c:\users\jaewon\source\repos\bojpractice\bojpractice\debug\24900.obj
c:\users\jaewon\source\repos\bojpractice\bojpractice\debug\2493.obj
c:\users\jaewon\source\repos\bojpractice\bojpractice\debug\2504.obj
c:\users\jaewon\source\repos\bojpractice\bojpractice\debug\25045.obj
c:\users\jaewon\source\repos\bojpractice\bojpractice\debug\2506.obj
c:\users\jaewon\source\repos\bojpractice\bojpractice\debug\25083.obj
c:\users\jaewon\source\repos\bojpractice\bojpractice\debug\2511.obj
c:\users\jaewon\source\repos\bojpractice\bojpractice\debug\25183.obj
c:\users\jaewon\source\repos\bojpractice\bojpractice\debug\25191.obj
c:\users\jaewon\source\repos\bojpractice\bojpractice\debug\25193.obj
c:\users\jaewon\source\repos\bojpractice\bojpractice\debug\25206.obj
c:\users\jaewon\source\repos\bojpractice\bojpractice\debug\25238.obj
c:\users\jaewon\source\repos\bojpractice\bojpractice\debug\2525.obj
c:\users\jaewon\source\repos\bojpractice\bojpractice\debug\25285.obj
c:\users\jaewon\source\repos\bojpractice\bojpractice\debug\2530.obj
c:\users\jaewon\source\repos\bojpractice\bojpractice\debug\25304.obj
c:\users\jaewon\source\repos\bojpractice\bojpractice\debug\25305.obj
c:\users\jaewon\source\repos\bojpractice\bojpractice\debug\25314.obj
c:\users\jaewon\source\repos\bojpractice\bojpractice\debug\25372.obj
c:\users\jaewon\source\repos\bojpractice\bojpractice\debug\25377.obj
c:\users\jaewon\source\repos\bojpractice\bojpractice\debug\25381.obj
c:\users\jaewon\source\repos\bojpractice\bojpractice\debug\25418.obj
c:\users\jaewon\source\repos\bojpractice\bojpractice\debug\25494.obj
c:\users\jaewon\source\repos\bojpractice\bojpractice\debug\25495.obj
c:\users\jaewon\source\repos\bojpractice\bojpractice\debug\2559.obj
c:\users\jaewon\source\repos\bojpractice\bojpractice\debug\25591.obj
c:\users\jaewon\source\repos\bojpractice\bojpractice\debug\25597.obj
c:\users\jaewon\source\repos\bojpractice\bojpractice\debug\2559_ver220811.obj
c:\users\jaewon\source\repos\bojpractice\bojpractice\debug\25600.obj
c:\users\jaewon\source\repos\bojpractice\bojpractice\debug\2563.obj
c:\users\jaewon\source\repos\bojpractice\bojpractice\debug\2564.obj
c:\users\jaewon\source\repos\bojpractice\bojpractice\debug\25644.obj
c:\users\jaewon\source\repos\bojpractice\bojpractice\debug\2566.obj
c:\users\jaewon\source\repos\bojpractice\bojpractice\debug\25703.obj
c:\users\jaewon\source\repos\bojpractice\bojpractice\debug\25704.obj
c:\users\jaewon\source\repos\bojpractice\bojpractice\debug\25706.obj
c:\users\jaewon\source\repos\bojpractice\bojpractice\debug\25707.obj
c:\users\jaewon\source\repos\bojpractice\bojpractice\debug\25711.obj
c:\users\jaewon\source\repos\bojpractice\bojpractice\debug\2573.obj
c:\users\jaewon\source\repos\bojpractice\bojpractice\debug\2576.obj
c:\users\jaewon\source\repos\bojpractice\bojpractice\debug\2577.obj
c:\users\jaewon\source\repos\bojpractice\bojpractice\debug\2578.obj
c:\users\jaewon\source\repos\bojpractice\bojpractice\debug\2579.obj
c:\users\jaewon\source\repos\bojpractice\bojpractice\debug\25793.obj
c:\users\jaewon\source\repos\bojpractice\bojpractice\debug\2580.obj
c:\users\jaewon\source\repos\bojpractice\bojpractice\debug\2581.obj
c:\users\jaewon\source\repos\bojpractice\bojpractice\debug\2583.obj
c:\users\jaewon\source\repos\bojpractice\bojpractice\debug\2587.obj
c:\users\jaewon\source\repos\bojpractice\bojpractice\debug\2589.obj
c:\users\jaewon\source\repos\bojpractice\bojpractice\debug\25915.obj
c:\users\jaewon\source\repos\bojpractice\bojpractice\debug\25916.obj
c:\users\jaewon\source\repos\bojpractice\bojpractice\debug\25965.obj
c:\users\jaewon\source\repos\bojpractice\bojpractice\debug\26004.obj
c:\users\jaewon\source\repos\bojpractice\bojpractice\debug\26005.obj
c:\users\jaewon\source\repos\bojpractice\bojpractice\debug\2606.obj
c:\users\jaewon\source\repos\bojpractice\bojpractice\debug\26070.obj
c:\users\jaewon\source\repos\bojpractice\bojpractice\debug\26071.obj
c:\users\jaewon\source\repos\bojpractice\bojpractice\debug\2608.obj
c:\users\jaewon\source\repos\bojpractice\bojpractice\debug\2628.obj
c:\users\jaewon\source\repos\bojpractice\bojpractice\debug\26307.obj
c:\users\jaewon\source\repos\bojpractice\bojpractice\debug\2631.obj
c:\users\jaewon\source\repos\bojpractice\bojpractice\debug\2644.obj
c:\users\jaewon\source\repos\bojpractice\bojpractice\debug\26495.obj
c:\users\jaewon\source\repos\bojpractice\bojpractice\debug\26529.obj
c:\users\jaewon\source\repos\bojpractice\bojpractice\debug\26533.obj
c:\users\jaewon\source\repos\bojpractice\bojpractice\debug\26545.obj
c:\users\jaewon\source\repos\bojpractice\bojpractice\debug\26566.obj
c:\users\jaewon\source\repos\bojpractice\bojpractice\debug\26574.obj
c:\users\jaewon\source\repos\bojpractice\bojpractice\debug\26594.obj
c:\users\jaewon\source\repos\bojpractice\bojpractice\debug\26607.obj
c:\users\jaewon\source\repos\bojpractice\bojpractice\debug\2665.obj
c:\users\jaewon\source\repos\bojpractice\bojpractice\debug\2667.obj
c:\users\jaewon\source\repos\bojpractice\bojpractice\debug\2675.obj
c:\users\jaewon\source\repos\bojpractice\bojpractice\debug\26752.obj
c:\users\jaewon\source\repos\bojpractice\bojpractice\debug\26766.obj
c:\users\jaewon\source\repos\bojpractice\bojpractice\debug\26767.obj
c:\users\jaewon\source\repos\bojpractice\bojpractice\debug\26934.obj
c:\users\jaewon\source\repos\bojpractice\bojpractice\debug\26949.obj
c:\users\jaewon\source\repos\bojpractice\bojpractice\debug\2711.obj
c:\users\jaewon\source\repos\bojpractice\bojpractice\debug\27114.obj
c:\users\jaewon\source\repos\bojpractice\bojpractice\debug\2720.obj
c:\users\jaewon\source\repos\bojpractice\bojpractice\debug\27211.obj
c:\users\jaewon\source\repos\bojpractice\bojpractice\debug\27213.obj
c:\users\jaewon\source\repos\bojpractice\bojpractice\debug\27323.obj
c:\users\jaewon\source\repos\bojpractice\bojpractice\debug\27325.obj
c:\users\jaewon\source\repos\bojpractice\bojpractice\debug\27326.obj
c:\users\jaewon\source\repos\bojpractice\bojpractice\debug\27327.obj
c:\users\jaewon\source\repos\bojpractice\bojpractice\debug\27331.obj
c:\users\jaewon\source\repos\bojpractice\bojpractice\debug\27334.obj
c:\users\jaewon\source\repos\bojpractice\bojpractice\debug\27335.obj
c:\users\jaewon\source\repos\bojpractice\bojpractice\debug\2738.obj
c:\users\jaewon\source\repos\bojpractice\bojpractice\debug\27396.obj
c:\users\jaewon\source\repos\bojpractice\bojpractice\debug\2740.obj
c:\users\jaewon\source\repos\bojpractice\bojpractice\debug\2743.obj
c:\users\jaewon\source\repos\bojpractice\bojpractice\debug\27467.obj
c:\users\jaewon\source\repos\bojpractice\bojpractice\debug\2748.obj
c:\users\jaewon\source\repos\bojpractice\bojpractice\debug\2750.obj
c:\users\jaewon\source\repos\bojpractice\bojpractice\debug\2751.obj
c:\users\jaewon\source\repos\bojpractice\bojpractice\debug\2752.obj
c:\users\jaewon\source\repos\bojpractice\bojpractice\debug\2754.obj
c:\users\jaewon\source\repos\bojpractice\bojpractice\debug\27541.obj
c:\users\jaewon\source\repos\bojpractice\bojpractice\debug\2775.obj
c:\users\jaewon\source\repos\bojpractice\bojpractice\debug\2789.obj
c:\users\jaewon\source\repos\bojpractice\bojpractice\debug\27908.obj
c:\users\jaewon\source\repos\bojpractice\bojpractice\debug\27978.obj
c:\users\jaewon\source\repos\bojpractice\bojpractice\debug\27979.obj
c:\users\jaewon\source\repos\bojpractice\bojpractice\debug\2798.obj
c:\users\jaewon\source\repos\bojpractice\bojpractice\debug\27984.obj
c:\users\jaewon\source\repos\bojpractice\bojpractice\debug\2839.obj
c:\users\jaewon\source\repos\bojpractice\bojpractice\debug\2847.obj
c:\users\jaewon\source\repos\bojpractice\bojpractice\debug\2851.obj
c:\users\jaewon\source\repos\bojpractice\bojpractice\debug\2908.obj
c:\users\jaewon\source\repos\bojpractice\bojpractice\debug\2920.obj
c:\users\jaewon\source\repos\bojpractice\bojpractice\debug\2941.obj
c:\users\jaewon\source\repos\bojpractice\bojpractice\debug\2953.obj
c:\users\jaewon\source\repos\bojpractice\bojpractice\debug\2979.obj
c:\users\jaewon\source\repos\bojpractice\bojpractice\debug\2985.obj
c:\users\jaewon\source\repos\bojpractice\bojpractice\debug\3009.obj
c:\users\jaewon\source\repos\bojpractice\bojpractice\debug\3019.obj
c:\users\jaewon\source\repos\bojpractice\bojpractice\debug\3020.obj
c:\users\jaewon\source\repos\bojpractice\bojpractice\debug\3034.obj
c:\users\jaewon\source\repos\bojpractice\bojpractice\debug\3052.obj
c:\users\jaewon\source\repos\bojpractice\bojpractice\debug\3053.obj
c:\users\jaewon\source\repos\bojpractice\bojpractice\debug\3058.obj
c:\users\jaewon\source\repos\bojpractice\bojpractice\debug\3187.obj
c:\users\jaewon\source\repos\bojpractice\bojpractice\debug\3190.obj
c:\users\jaewon\source\repos\bojpractice\bojpractice\debug\3943.obj
c:\users\jaewon\source\repos\bojpractice\bojpractice\debug\3986.obj
c:\users\jaewon\source\repos\bojpractice\bojpractice\debug\4101.obj
c:\users\jaewon\source\repos\bojpractice\bojpractice\debug\4153.obj
c:\users\jaewon\source\repos\bojpractice\bojpractice\debug\4179.obj
c:\users\jaewon\source\repos\bojpractice\bojpractice\debug\4299.obj
c:\users\jaewon\source\repos\bojpractice\bojpractice\debug\4344.obj
c:\users\jaewon\source\repos\bojpractice\bojpractice\debug\4435.obj
c:\users\jaewon\source\repos\bojpractice\bojpractice\debug\4470.obj
c:\users\jaewon\source\repos\bojpractice\bojpractice\debug\4485.obj
c:\users\jaewon\source\repos\bojpractice\bojpractice\debug\4589.obj
c:\users\jaewon\source\repos\bojpractice\bojpractice\debug\4597.obj
c:\users\jaewon\source\repos\bojpractice\bojpractice\debug\4635.obj
c:\users\jaewon\source\repos\bojpractice\bojpractice\debug\4641.obj
c:\users\jaewon\source\repos\bojpractice\bojpractice\debug\4673.obj
c:\users\jaewon\source\repos\bojpractice\bojpractice\debug\4696.obj
c:\users\jaewon\source\repos\bojpractice\bojpractice\debug\4779.obj
c:\users\jaewon\source\repos\bojpractice\bojpractice\debug\4796.obj
c:\users\jaewon\source\repos\bojpractice\bojpractice\debug\4811.obj
c:\users\jaewon\source\repos\bojpractice\bojpractice\debug\4949.obj
c:\users\jaewon\source\repos\bojpractice\bojpractice\debug\4963.obj
c:\users\jaewon\source\repos\bojpractice\bojpractice\debug\5014.obj
c:\users\jaewon\source\repos\bojpractice\bojpractice\debug\5063.obj
c:\users\jaewon\source\repos\bojpractice\bojpractice\debug\5073.obj
c:\users\jaewon\source\repos\bojpractice\bojpractice\debug\5095.obj
c:\users\jaewon\source\repos\bojpractice\bojpractice\debug\5235.obj
c:\users\jaewon\source\repos\bojpractice\bojpractice\debug\5292.obj
c:\users\jaewon\source\repos\bojpractice\bojpractice\debug\5300.obj
c:\users\jaewon\source\repos\bojpractice\bojpractice\debug\5341.obj
c:\users\jaewon\source\repos\bojpractice\bojpractice\debug\5342.obj
c:\users\jaewon\source\repos\bojpractice\bojpractice\debug\5354.obj
c:\users\jaewon\source\repos\bojpractice\bojpractice\debug\5355.obj
c:\users\jaewon\source\repos\bojpractice\bojpractice\debug\5363.obj
c:\users\jaewon\source\repos\bojpractice\bojpractice\debug\5367.obj
c:\users\jaewon\source\repos\bojpractice\bojpractice\debug\5373.obj
c:\users\jaewon\source\repos\bojpractice\bojpractice\debug\5397.obj
c:\users\jaewon\source\repos\bojpractice\bojpractice\debug\5427.obj
c:\users\jaewon\source\repos\bojpractice\bojpractice\debug\5523.obj
c:\users\jaewon\source\repos\bojpractice\bojpractice\debug\5532.obj
c:\users\jaewon\source\repos\bojpractice\bojpractice\debug\5558.obj
c:\users\jaewon\source\repos\bojpractice\bojpractice\debug\5565.obj
c:\users\jaewon\source\repos\bojpractice\bojpractice\debug\5576.obj
c:\users\jaewon\source\repos\bojpractice\bojpractice\debug\5578.obj
c:\users\jaewon\source\repos\bojpractice\bojpractice\debug\5582.obj
c:\users\jaewon\source\repos\bojpractice\bojpractice\debug\5585.obj
c:\users\jaewon\source\repos\bojpractice\bojpractice\debug\5597.obj
c:\users\jaewon\source\repos\bojpractice\bojpractice\debug\5598.obj
c:\users\jaewon\source\repos\bojpractice\bojpractice\debug\5622.obj
c:\users\jaewon\source\repos\bojpractice\bojpractice\debug\5639.obj
c:\users\jaewon\source\repos\bojpractice\bojpractice\debug\5717.obj
c:\users\jaewon\source\repos\bojpractice\bojpractice\debug\5912.obj
c:\users\jaewon\source\repos\bojpractice\bojpractice\debug\5957.obj
c:\users\jaewon\source\repos\bojpractice\bojpractice\debug\5988.obj
c:\users\jaewon\source\repos\bojpractice\bojpractice\debug\6195.obj
c:\users\jaewon\source\repos\bojpractice\bojpractice\debug\6322.obj
c:\users\jaewon\source\repos\bojpractice\bojpractice\debug\6443.obj
c:\users\jaewon\source\repos\bojpractice\bojpractice\debug\6502.obj
c:\users\jaewon\source\repos\bojpractice\bojpractice\debug\6593.obj
c:\users\jaewon\source\repos\bojpractice\bojpractice\debug\6603.obj
c:\users\jaewon\source\repos\bojpractice\bojpractice\debug\6840.obj
c:\users\jaewon\source\repos\bojpractice\bojpractice\debug\7510.obj
c:\users\jaewon\source\repos\bojpractice\bojpractice\debug\7562.obj
c:\users\jaewon\source\repos\bojpractice\bojpractice\debug\7569.obj
c:\users\jaewon\source\repos\bojpractice\bojpractice\debug\7576.obj
c:\users\jaewon\source\repos\bojpractice\bojpractice\debug\7891.obj
c:\users\jaewon\source\repos\bojpractice\bojpractice\debug\8029.obj
c:\users\jaewon\source\repos\bojpractice\bojpractice\debug\8545.obj
c:\users\jaewon\source\repos\bojpractice\bojpractice\debug\8660.obj
c:\users\jaewon\source\repos\bojpractice\bojpractice\debug\8871.obj
c:\users\jaewon\source\repos\bojpractice\bojpractice\debug\8958.obj
c:\users\jaewon\source\repos\bojpractice\bojpractice\debug\9012.obj
c:\users\jaewon\source\repos\bojpractice\bojpractice\debug\9063.obj
c:\users\jaewon\source\repos\bojpractice\bojpractice\debug\9085.obj
c:\users\jaewon\source\repos\bojpractice\bojpractice\debug\9093.obj
c:\users\jaewon\source\repos\bojpractice\bojpractice\debug\9095.obj
c:\users\jaewon\source\repos\bojpractice\bojpractice\debug\9205.obj
c:\users\jaewon\source\repos\bojpractice\bojpractice\debug\9237.obj
c:\users\jaewon\source\repos\bojpractice\bojpractice\debug\9251.obj
c:\users\jaewon\source\repos\bojpractice\bojpractice\debug\9252.obj
c:\users\jaewon\source\repos\bojpractice\bojpractice\debug\9295.obj
c:\users\jaewon\source\repos\bojpractice\bojpractice\debug\9325.obj
c:\users\jaewon\source\repos\bojpractice\bojpractice\debug\9461.obj
c:\users\jaewon\source\repos\bojpractice\bojpractice\debug\9625.obj
c:\users\jaewon\source\repos\bojpractice\bojpractice\debug\9653.obj
c:\users\jaewon\source\repos\bojpractice\bojpractice\debug\9654.obj
c:\users\jaewon\source\repos\bojpractice\bojpractice\debug\9655.obj
c:\users\jaewon\source\repos\bojpractice\bojpractice\debug\9663.obj
c:\users\jaewon\source\repos\bojpractice\bojpractice\debug\9782.obj
c:\users\jaewon\source\repos\bojpractice\bojpractice\debug\contest823_1.obj
c:\users\jaewon\source\repos\bojpractice\bojpractice\debug\contest823_2.obj
c:\users\jaewon\source\repos\bojpractice\bojpractice\debug\contest823_3.obj
c:\users\jaewon\source\repos\bojpractice\bojpractice\debug\contest851_1.obj
c:\users\jaewon\source\repos\bojpractice\bojpractice\debug\contest851_2.obj
c:\users\jaewon\source\repos\bojpractice\bojpractice\debug\contest851_3.obj
c:\users\jaewon\source\repos\bojpractice\bojpractice\debug\contest851_4.obj
c:\users\jaewon\source\repos\bojpractice\bojpractice\debug\contest851_5.obj
c:\users\jaewon\source\repos\bojpractice\bojpractice\debug\contest851_6.obj
c:\users\jaewon\source\repos\bojpractice\bojpractice\debug\contest878_1.obj
c:\users\jaewon\source\repos\bojpractice\bojpractice\debug\contest908_1.obj
c:\users\jaewon\source\repos\bojpractice\bojpractice\debug\contest908_3.obj
c:\users\jaewon\source\repos\bojpractice\bojpractice\debug\contest912_1.obj
c:\users\jaewon\source\repos\bojpractice\bojpractice\debug\contest919_1.obj
c:\users\jaewon\source\repos\bojpractice\bojpractice\debug\contest919_8.obj
c:\users\jaewon\source\repos\bojpractice\bojpractice\debug\contest926_1.obj
c:\users\jaewon\source\repos\bojpractice\bojpractice\debug\contest927_1.obj
c:\users\jaewon\source\repos\bojpractice\bojpractice\debug\contest927_2.obj
c:\users\jaewon\source\repos\bojpractice\bojpractice\debug\contest927_3.obj
c:\users\jaewon\source\repos\bojpractice\bojpractice\debug\contest927_4.obj
c:\users\jaewon\source\repos\bojpractice\bojpractice\debug\contest928_1.obj
c:\users\jaewon\source\repos\bojpractice\bojpractice\debug\contest928_2.obj
c:\users\jaewon\source\repos\bojpractice\bojpractice\debug\contest933_1.obj
c:\users\jaewon\source\repos\bojpractice\bojpractice\debug\contest933_2.obj
c:\users\jaewon\source\repos\bojpractice\bojpractice\debug\contest935_2.obj
c:\users\jaewon\source\repos\bojpractice\bojpractice\debug\contest938_1.obj
c:\users\jaewon\source\repos\bojpractice\bojpractice\debug\contest939_1.obj
c:\users\jaewon\source\repos\bojpractice\bojpractice\debug\contest939_2.obj
c:\users\jaewon\source\repos\bojpractice\bojpractice\debug\contest939_3.obj
c:\users\jaewon\source\repos\bojpractice\bojpractice\debug\contest946_1.obj
c:\users\jaewon\source\repos\bojpractice\bojpractice\debug\contest946_2.obj
c:\users\jaewon\source\repos\bojpractice\bojpractice\debug\contest952_2.obj
c:\users\jaewon\source\repos\bojpractice\bojpractice\debug\contest952_3.obj
c:\users\jaewon\source\repos\bojpractice\bojpractice\debug\contest955_2.obj
c:\users\jaewon\source\repos\bojpractice\bojpractice\debug\contest958_1.obj
c:\users\jaewon\source\repos\bojpractice\bojpractice\debug\contest962_1.obj
c:\users\jaewon\source\repos\bojpractice\bojpractice\debug\contest965_27903.obj
c:\users\jaewon\source\repos\bojpractice\bojpractice\debug\contest967_1.obj
c:\users\jaewon\source\repos\bojpractice\bojpractice\debug\contest967_2.obj
c:\users\jaewon\source\repos\bojpractice\bojpractice\debug\contest967_3.obj
c:\users\jaewon\source\repos\bojpractice\bojpractice\debug\contest970_1.obj
c:\users\jaewon\source\repos\bojpractice\bojpractice\debug\contest970_2.obj
c:\users\jaewon\source\repos\bojpractice\bojpractice\debug\contest970_4.obj
c:\users\jaewon\source\repos\bojpractice\bojpractice\debug\contest981_1.obj
c:\users\jaewon\source\repos\bojpractice\bojpractice\debug\contest981_2.obj
c:\users\jaewon\source\repos\bojpractice\bojpractice\debug\10026.obj.enc
c:\users\jaewon\source\repos\bojpractice\bojpractice\debug\1012.obj.enc
c:\users\jaewon\source\repos\bojpractice\bojpractice\debug\11048.obj.enc
c:\users\jaewon\source\repos\bojpractice\bojpractice\debug\11050.obj.enc
c:\users\jaewon\source\repos\bojpractice\bojpractice\debug\11051.obj.enc
c:\users\jaewon\source\repos\bojpractice\bojpractice\debug\11058.obj.enc
c:\users\jaewon\source\repos\bojpractice\bojpractice\debug\11720.obj.enc
c:\users\jaewon\source\repos\bojpractice\bojpractice\debug\1233.obj.enc
c:\users\jaewon\source\repos\bojpractice\bojpractice\debug\13458.new.obj.enc
c:\users\jaewon\source\repos\bojpractice\bojpractice\debug\14503.obj.enc
c:\users\jaewon\source\repos\bojpractice\bojpractice\debug\14620.obj.enc
c:\users\jaewon\source\repos\bojpractice\bojpractice\debug\1463.new.obj.enc
c:\users\jaewon\source\repos\bojpractice\bojpractice\debug\14731.obj.enc
c:\users\jaewon\source\repos\bojpractice\bojpractice\debug\16212.new.obj.enc
c:\users\jaewon\source\repos\bojpractice\bojpractice\debug\17247.new.obj.enc
c:\users\jaewon\source\repos\bojpractice\bojpractice\debug\1929.new.obj.enc
c:\users\jaewon\source\repos\bojpractice\bojpractice\debug\20310.obj.enc
c:\users\jaewon\source\repos\bojpractice\bojpractice\debug\2178.obj.enc
c:\users\jaewon\source\repos\bojpractice\bojpractice\debug\2294.obj.enc
c:\users\jaewon\source\repos\bojpractice\bojpractice\debug\25707.obj.enc
c:\users\jaewon\source\repos\bojpractice\bojpractice\debug\3052.obj.enc
c:\users\jaewon\source\repos\bojpractice\bojpractice\debug\3182.new.obj.enc
c:\users\jaewon\source\repos\bojpractice\bojpractice\debug\5597.obj.enc
c:\users\jaewon\source\repos\bojpractice\bojpractice\debug\8958.new.obj.enc
c:\users\jaewon\source\repos\bojpractice\bojpractice\debug\9461.obj.enc
c:\users\jaewon\source\repos\bojpractice\bojpractice\debug\contest935_2.obj.enc
c:\users\jaewon\source\repos\bojpractice\debug\bojpractice.pdb
c:\users\jaewon\source\repos\bojpractice\bojpractice\debug\bojpractice.tlog\cl.command.1.tlog
c:\users\jaewon\source\repos\bojpractice\bojpractice\debug\bojpractice.tlog\cl.read.1.tlog
c:\users\jaewon\source\repos\bojpractice\bojpractice\debug\bojpractice.tlog\cl.write.1.tlog
c:\users\jaewon\source\repos\bojpractice\bojpractice\debug\bojpractice.tlog\link-cvtres.read.1.tlog
c:\users\jaewon\source\repos\bojpractice\bojpractice\debug\bojpractice.tlog\link-cvtres.write.1.tlog
c:\users\jaewon\source\repos\bojpractice\bojpractice\debug\bojpractice.tlog\link-rc.read.1.tlog
c:\users\jaewon\source\repos\bojpractice\bojpractice\debug\bojpractice.tlog\link-rc.write.1.tlog
c:\users\jaewon\source\repos\bojpractice\bojpractice\debug\bojpractice.tlog\link.command.1.tlog
c:\users\jaewon\source\repos\bojpractice\bojpractice\debug\bojpractice.tlog\link.read.1.tlog
c:\users\jaewon\source\repos\bojpractice\bojpractice\debug\bojpractice.tlog\link.write.1.tlog
